/media/wei/DATA/LW/Project/PSR/PSR_DDC_150M/psr_ddc_150M_top.ngc 1575758677
ipcore_dir/adc_snap_ram_psr.ngc 1542157336
ipcore_dir/rgmii.ngc 1541400024
ipcore_dir/RAM_ethernet.ngc 1541400156
ipcore_dir/ram_acc.ngc 1541400678
ipcore_dir/adder_acc.ngc 1541398060
ipcore_dir/ARM_DATA.ngc 1541399494
ipcore_dir/PARA_RAM.ngc 1541398986
ipcore_dir/DISP_RAM.ngc 1541399162
ipcore_dir/FreqEqua_Multi.ngc 1541395652
ipcore_dir/Freq_Equa_Para.ngc 1541395526
ipcore_dir/DATA_ADJ.ngc 1541398186
ipcore_dir/DATA_ADJ_N.ngc 1541398312
ipcore_dir/DEDISP_FIFO.ngc 1541399358
ipcore_dir/mul.ngc 1541402434
ipcore_dir/ROM_cos2400.ngc 1542326104
ipcore_dir/ROM_sin2400.ngc 1541379748
ipcore_dir/Adder2.ngc 1541387326
ipcore_dir/Adder3.ngc 1541387464
ipcore_dir/Adder4.ngc 1541387632
ipcore_dir/fir8_72M.ngc 1542326216
ipcore_dir/fir7_72M.ngc 1542326678
ipcore_dir/fir6_72M.ngc 1542326568
ipcore_dir/fir5_72M.ngc 1542326382
ipcore_dir/fir4_72M.ngc 1542326444
ipcore_dir/fir3_72M.ngc 1542326622
ipcore_dir/fir2_72M.ngc 1542326734
ipcore_dir/fir1_72M.ngc 1542756016
ipcore_dir/DDC_FIFO.ngc 1575605313
ipcore_dir/fft_512.ngc 1575009844
ipcore_dir/multiplier.ngc 1541397170
ipcore_dir/adder.ngc 1541397722
ipcore_dir/subber.ngc 1541397808
ipcore_dir/ram_para.ngc 1541398774
ipcore_dir/ram_para_all_V2.ngc 1541398674
ipcore_dir/Power_Adder.ngc 1541398888
OK
